android/build/outputs/logs/manifest-merger-debug-report.txt
-- Merging decision tree log ---
data
INJECTED from src/main/AndroidManifest.xml:21:9-63
	android:scheme
		INJECTED from src/main/AndroidManifest.xml
		ADDED from src/main/AndroidManifest.xml:21:15-60
manifest
ADDED from src/main/AndroidManifest.xml:2:1-25:12
INJECTED from src/main/AndroidManifest.xml:2:1-25:12
INJECTED from src/main/AndroidManifest.xml:2:1-25:12
INJECTED from src/main/AndroidManifest.xml:2:1-25:12
INJECTED from src/main/AndroidManifest.xml:2:1-25:12
INJECTED from src/main/AndroidManifest.xml:2:1-25:12
INJECTED from src/main/AndroidManifest.xml:2:1-25:12
	package
		ADDED from src/main/AndroidManifest.xml:3:3-32
		INJECTED from src/main/AndroidManifest.xml
		INJECTED from src/main/AndroidManifest.xml
	android:versionName
		INJECTED from src/main/AndroidManifest.xml
		ADDED from src/main/AndroidManifest.xml:2:1-25:12
		INJECTED from src/main/AndroidManifest.xml
	android:versionCode
		INJECTED from src/main/AndroidManifest.xml
		ADDED from src/main/AndroidManifest.xml:2:1-25:12
		INJECTED from src/main/AndroidManifest.xml
	xmlns:android
		ADDED from src/main/AndroidManifest.xml:2:11-69
application
ADDED from src/main/AndroidManifest.xml:5:3-24:17
activity#com.gettipsi.stripe.OpenBrowserActivity
ADDED from src/main/AndroidManifest.xml:6:5-10:69
	android:launchMode
		ADDED from src/main/AndroidManifest.xml:9:7-38
	android:exported
		ADDED from src/main/AndroidManifest.xml:8:7-31
	android:theme
		ADDED from src/main/AndroidManifest.xml:10:7-66
	android:name
		ADDED from src/main/AndroidManifest.xml:7:7-42
activity#com.gettipsi.stripe.RedirectUriReceiver
ADDED from src/main/AndroidManifest.xml:11:5-23:16
	android:launchMode
		ADDED from src/main/AndroidManifest.xml:13:7-38
	android:exported
		ADDED from src/main/AndroidManifest.xml:12:7-30
	android:theme
		ADDED from src/main/AndroidManifest.xml:15:7-77
	android:name
		ADDED from src/main/AndroidManifest.xml:14:7-42
intent-filter#action:name:android.intent.action.VIEW+category:name:android.intent.category.BROWSABLE+category:name:android.intent.category.DEFAULT+data:scheme:example
ADDED from src/main/AndroidManifest.xml:16:7-22:23
action#android.intent.action.VIEW
ADDED from src/main/AndroidManifest.xml:17:9-61
	android:name
		ADDED from src/main/AndroidManifest.xml:17:17-58
category#android.intent.category.DEFAULT
ADDED from src/main/AndroidManifest.xml:18:9-68
	android:name
		ADDED from src/main/AndroidManifest.xml:18:19-65
category#android.intent.category.BROWSABLE
ADDED from src/main/AndroidManifest.xml:19:9-70
	android:name
		ADDED from src/main/AndroidManifest.xml:19:19-67
uses-sdk
INJECTED from src/main/AndroidManifest.xml reason: use-sdk injection requested
INJECTED from src/main/AndroidManifest.xml
INJECTED from src/main/AndroidManifest.xml
INJECTED from src/main/AndroidManifest.xml
INJECTED from src/main/AndroidManifest.xml
	android:targetSdkVersion
		INJECTED from src/main/AndroidManifest.xml
		ADDED from src/main/AndroidManifest.xml
		INJECTED from src/main/AndroidManifest.xml
	android:minSdkVersion
		INJECTED from src/main/AndroidManifest.xml
		ADDED from src/main/AndroidManifest.xml
		INJECTED from src/main/AndroidManifest.xml